# JRE version: Java(TM) SE Runtime Environment (21.0.2+13) (build 21.0.2+13-LTS-58)
# Java VM: Java HotSpot(TM) 64-Bit Server VM (21.0.2+13-LTS-58, mixed mode, sharing, tiered, compressed oops, compressed class ptrs, g1 gc, windows-amd64)
GC Precious Log:
 CardTable entry size: 512
 Card Set container configuration: InlinePtr #cards 5 size 8 Array Of Cards #cards 12 size 40 Howl #buckets 4 coarsen threshold 1843 Howl Bitmap #cards 512 size 80 coarsen threshold 460 Card regions per heap region 1 cards per card region 2048
 CPUs: 4 total, 4 available
 Memory: 7886M
 Large Page Support: Disabled
 NUMA Support: Disabled
 Compressed Oops: Enabled (32-bit)
 Heap Region Size: 1M
 Heap Min Capacity: 8M
 Heap Initial Capacity: 124M
 Heap Max Capacity: 1972M
 Pre-touch: Disabled
 Parallel Workers: 4
 Concurrent Workers: 1
 Concurrent Refinement Workers: 4
 Periodic GC: Disabled
Heap:
 garbage-first heap   total 80896K, used 52357K [0x0000000084c00000, 0x0000000100000000)
  region size 1024K, 17 young (17408K), 3 survivors (3072K)
 Metaspace       used 78890K, committed 79680K, reserved 1179648K
  class space    used 10640K, committed 11008K, reserved 1048576K
GC Heap History (20 events):
Event: 13.030 GC heap before
{Heap before GC invocations=9 (full 0):
 garbage-first heap   total 58368K, used 48269K [0x0000000084c00000, 0x0000000100000000)
  region size 1024K, 29 young (29696K), 2 survivors (2048K)
 Metaspace       used 46387K, committed 46976K, reserved 1114112K
  class space    used 5927K, committed 6208K, reserved 1048576K
}
Event: 13.041 GC heap after
{Heap after GC invocations=10 (full 0):
 garbage-first heap   total 58368K, used 24566K [0x0000000084c00000, 0x0000000100000000)
  region size 1024K, 4 young (4096K), 4 survivors (4096K)
 Metaspace       used 46387K, committed 46976K, reserved 1114112K
  class space    used 5927K, committed 6208K, reserved 1048576K
}
Event: 15.111 GC heap before
{Heap before GC invocations=10 (full 0):
 garbage-first heap   total 58368K, used 49142K [0x0000000084c00000, 0x0000000100000000)
  region size 1024K, 29 young (29696K), 4 survivors (4096K)
 Metaspace       used 53921K, committed 54464K, reserved 1114112K
  class space    used 6979K, committed 7232K, reserved 1048576K
}
Event: 15.127 GC heap after
{Heap after GC invocations=11 (full 0):
 garbage-first heap   total 58368K, used 25648K [0x0000000084c00000, 0x0000000100000000)
  region size 1024K, 2 young (2048K), 2 survivors (2048K)
 Metaspace       used 53921K, committed 54464K, reserved 1114112K
  class space    used 6979K, committed 7232K, reserved 1048576K
}
Event: 16.808 GC heap before
{Heap before GC invocations=11 (full 0):
 garbage-first heap   total 58368K, used 50224K [0x0000000084c00000, 0x0000000100000000)
  region size 1024K, 26 young (26624K), 2 survivors (2048K)
 Metaspace       used 57552K, committed 58176K, reserved 1114112K
  class space    used 7566K, committed 7808K, reserved 1048576K
}
Event: 16.816 GC heap after
{Heap after GC invocations=12 (full 0):
 garbage-first heap   total 58368K, used 26312K [0x0000000084c00000, 0x0000000100000000)
  region size 1024K, 3 young (3072K), 3 survivors (3072K)
 Metaspace       used 57552K, committed 58176K, reserved 1114112K
  class space    used 7566K, committed 7808K, reserved 1048576K
}
Event: 17.424 GC heap before
{Heap before GC invocations=12 (full 0):
 garbage-first heap   total 58368K, used 33480K [0x0000000084c00000, 0x0000000100000000)
  region size 1024K, 12 young (12288K), 3 survivors (3072K)
 Metaspace       used 59868K, committed 60480K, reserved 1114112K
  class space    used 7917K, committed 8192K, reserved 1048576K
}
Event: 17.433 GC heap after
{Heap after GC invocations=13 (full 0):
 garbage-first heap   total 58368K, used 27294K [0x0000000084c00000, 0x0000000100000000)
  region size 1024K, 2 young (2048K), 2 survivors (2048K)
 Metaspace       used 59868K, committed 60480K, reserved 1114112K
  class space    used 7917K, committed 8192K, reserved 1048576K
}
Event: 19.627 GC heap before
{Heap before GC invocations=14 (full 0):
 garbage-first heap   total 58368K, used 50846K [0x0000000084c00000, 0x0000000100000000)
  region size 1024K, 25 young (25600K), 2 survivors (2048K)
 Metaspace       used 63846K, committed 64512K, reserved 1114112K
  class space    used 8443K, committed 8704K, reserved 1048576K
}
Event: 19.641 GC heap after
{Heap after GC invocations=15 (full 0):
 garbage-first heap   total 58368K, used 29683K [0x0000000084c00000, 0x0000000100000000)
  region size 1024K, 4 young (4096K), 4 survivors (4096K)
 Metaspace       used 63846K, committed 64512K, reserved 1114112K
  class space    used 8443K, committed 8704K, reserved 1048576K
}
Event: 21.007 GC heap before
{Heap before GC invocations=15 (full 0):
 garbage-first heap   total 58368K, used 50163K [0x0000000084c00000, 0x0000000100000000)
  region size 1024K, 24 young (24576K), 4 survivors (4096K)
 Metaspace       used 66939K, committed 67648K, reserved 1114112K
  class space    used 9093K, committed 9408K, reserved 1048576K
}
Event: 21.025 GC heap after
{Heap after GC invocations=16 (full 0):
 garbage-first heap   total 58368K, used 31715K [0x0000000084c00000, 0x0000000100000000)
  region size 1024K, 3 young (3072K), 3 survivors (3072K)
 Metaspace       used 66939K, committed 67648K, reserved 1114112K
  class space    used 9093K, committed 9408K, reserved 1048576K
}
Event: 21.911 GC heap before
{Heap before GC invocations=16 (full 0):
 garbage-first heap   total 58368K, used 49123K [0x0000000084c00000, 0x0000000100000000)
  region size 1024K, 21 young (21504K), 3 survivors (3072K)
 Metaspace       used 69197K, committed 69824K, reserved 1114112K
  class space    used 9382K, committed 9664K, reserved 1048576K
}
Event: 21.922 GC heap after
{Heap after GC invocations=17 (full 0):
 garbage-first heap   total 58368K, used 33064K [0x0000000084c00000, 0x0000000100000000)
  region size 1024K, 2 young (2048K), 2 survivors (2048K)
 Metaspace       used 69197K, committed 69824K, reserved 1114112K
  class space    used 9382K, committed 9664K, reserved 1048576K
}
Event: 22.145 GC heap before
{Heap before GC invocations=17 (full 0):
 garbage-first heap   total 80896K, used 51496K [0x0000000084c00000, 0x0000000100000000)
  region size 1024K, 20 young (20480K), 2 survivors (2048K)
 Metaspace       used 69209K, committed 69888K, reserved 1114112K
  class space    used 9382K, committed 9664K, reserved 1048576K
}
Event: 22.149 GC heap after
{Heap after GC invocations=18 (full 0):
 garbage-first heap   total 80896K, used 33205K [0x0000000084c00000, 0x0000000100000000)
  region size 1024K, 2 young (2048K), 2 survivors (2048K)
 Metaspace       used 69209K, committed 69888K, reserved 1114112K
  class space    used 9382K, committed 9664K, reserved 1048576K
}
Event: 24.621 GC heap before
{Heap before GC invocations=19 (full 0):
 garbage-first heap   total 80896K, used 71093K [0x0000000084c00000, 0x0000000100000000)
  region size 1024K, 39 young (39936K), 2 survivors (2048K)
 Metaspace       used 72569K, committed 73344K, reserved 1114112K
  class space    used 9868K, committed 10240K, reserved 1048576K
}
Event: 24.637 GC heap after
{Heap after GC invocations=20 (full 0):
 garbage-first heap   total 80896K, used 36771K [0x0000000084c00000, 0x0000000100000000)
  region size 1024K, 5 young (5120K), 5 survivors (5120K)
 Metaspace       used 72569K, committed 73344K, reserved 1114112K
  class space    used 9868K, committed 10240K, reserved 1048576K
}
Event: 29.701 GC heap before
{Heap before GC invocations=20 (full 0):
 garbage-first heap   total 80896K, used 70563K [0x0000000084c00000, 0x0000000100000000)
  region size 1024K, 38 young (38912K), 5 survivors (5120K)
 Metaspace       used 78479K, committed 79296K, reserved 1179648K
  class space    used 10636K, committed 11008K, reserved 1048576K
}
Event: 29.724 GC heap after
{Heap after GC invocations=21 (full 0):
 garbage-first heap   total 80896K, used 39045K [0x0000000084c00000, 0x0000000100000000)
  region size 1024K, 3 young (3072K), 3 survivors (3072K)
 Metaspace       used 78479K, committed 79296K, reserved 1179648K
  class space    used 10636K, committed 11008K, reserved 1048576K
}

