# JRE version: Java(TM) SE Runtime Environment (21.0.2+13) (build 21.0.2+13-LTS-58)
# Java VM: Java HotSpot(TM) 64-Bit Server VM (21.0.2+13-LTS-58, mixed mode, sharing, tiered, compressed oops, compressed class ptrs, g1 gc, windows-amd64)
GC Precious Log:
 CardTable entry size: 512
 Card Set container configuration: InlinePtr #cards 5 size 8 Array Of Cards #cards 12 size 40 Howl #buckets 4 coarsen threshold 1843 Howl Bitmap #cards 512 size 80 coarsen threshold 460 Card regions per heap region 1 cards per card region 2048
 CPUs: 4 total, 4 available
 Memory: 7886M
 Large Page Support: Disabled
 NUMA Support: Disabled
 Compressed Oops: Enabled (32-bit)
 Heap Region Size: 1M
 Heap Min Capacity: 8M
 Heap Initial Capacity: 124M
 Heap Max Capacity: 1972M
 Pre-touch: Disabled
 Parallel Workers: 4
 Concurrent Workers: 1
 Concurrent Refinement Workers: 4
 Periodic GC: Disabled
Heap:
 garbage-first heap   total 71680K, used 42342K [0x0000000084c00000, 0x0000000100000000)
  region size 1024K, 8 young (8192K), 1 survivors (1024K)
 Metaspace       used 87408K, committed 88064K, reserved 1179648K
  class space    used 11226K, committed 11584K, reserved 1048576K
GC Heap History (20 events):
Event: 109779.059 GC heap before
{Heap before GC invocations=118 (full 0):
 garbage-first heap   total 71680K, used 64878K [0x0000000084c00000, 0x0000000100000000)
  region size 1024K, 29 young (29696K), 1 survivors (1024K)
 Metaspace       used 87338K, committed 88064K, reserved 1179648K
  class space    used 11226K, committed 11584K, reserved 1048576K
}
Event: 109779.062 GC heap after
{Heap after GC invocations=119 (full 0):
 garbage-first heap   total 71680K, used 36212K [0x0000000084c00000, 0x0000000100000000)
  region size 1024K, 1 young (1024K), 1 survivors (1024K)
 Metaspace       used 87338K, committed 88064K, reserved 1179648K
  class space    used 11226K, committed 11584K, reserved 1048576K
}
Event: 109787.148 GC heap before
{Heap before GC invocations=119 (full 0):
 garbage-first heap   total 71680K, used 64884K [0x0000000084c00000, 0x0000000100000000)
  region size 1024K, 29 young (29696K), 1 survivors (1024K)
 Metaspace       used 87338K, committed 88064K, reserved 1179648K
  class space    used 11226K, committed 11584K, reserved 1048576K
}
Event: 109787.194 GC heap after
{Heap after GC invocations=120 (full 0):
 garbage-first heap   total 71680K, used 36079K [0x0000000084c00000, 0x0000000100000000)
  region size 1024K, 1 young (1024K), 1 survivors (1024K)
 Metaspace       used 87338K, committed 88064K, reserved 1179648K
  class space    used 11226K, committed 11584K, reserved 1048576K
}
Event: 109796.021 GC heap before
{Heap before GC invocations=120 (full 0):
 garbage-first heap   total 71680K, used 65775K [0x0000000084c00000, 0x0000000100000000)
  region size 1024K, 30 young (30720K), 1 survivors (1024K)
 Metaspace       used 87338K, committed 88064K, reserved 1179648K
  class space    used 11226K, committed 11584K, reserved 1048576K
}
Event: 109796.024 GC heap after
{Heap after GC invocations=121 (full 0):
 garbage-first heap   total 71680K, used 36225K [0x0000000084c00000, 0x0000000100000000)
  region size 1024K, 1 young (1024K), 1 survivors (1024K)
 Metaspace       used 87338K, committed 88064K, reserved 1179648K
  class space    used 11226K, committed 11584K, reserved 1048576K
}
Event: 109807.211 GC heap before
{Heap before GC invocations=122 (full 0):
 garbage-first heap   total 71680K, used 64897K [0x0000000084c00000, 0x0000000100000000)
  region size 1024K, 29 young (29696K), 1 survivors (1024K)
 Metaspace       used 87338K, committed 88064K, reserved 1179648K
  class space    used 11226K, committed 11584K, reserved 1048576K
}
Event: 109807.214 GC heap after
{Heap after GC invocations=123 (full 0):
 garbage-first heap   total 71680K, used 36196K [0x0000000084c00000, 0x0000000100000000)
  region size 1024K, 1 young (1024K), 1 survivors (1024K)
 Metaspace       used 87338K, committed 88064K, reserved 1179648K
  class space    used 11226K, committed 11584K, reserved 1048576K
}
Event: 109813.728 GC heap before
{Heap before GC invocations=123 (full 0):
 garbage-first heap   total 71680K, used 64868K [0x0000000084c00000, 0x0000000100000000)
  region size 1024K, 29 young (29696K), 1 survivors (1024K)
 Metaspace       used 87347K, committed 88064K, reserved 1179648K
  class space    used 11227K, committed 11584K, reserved 1048576K
}
Event: 109813.731 GC heap after
{Heap after GC invocations=124 (full 0):
 garbage-first heap   total 71680K, used 36218K [0x0000000084c00000, 0x0000000100000000)
  region size 1024K, 1 young (1024K), 1 survivors (1024K)
 Metaspace       used 87347K, committed 88064K, reserved 1179648K
  class space    used 11227K, committed 11584K, reserved 1048576K
}
Event: 109857.677 GC heap before
{Heap before GC invocations=125 (full 0):
 garbage-first heap   total 71680K, used 64890K [0x0000000084c00000, 0x0000000100000000)
  region size 1024K, 29 young (29696K), 1 survivors (1024K)
 Metaspace       used 87345K, committed 88064K, reserved 1179648K
  class space    used 11227K, committed 11584K, reserved 1048576K
}
Event: 109857.725 GC heap after
{Heap after GC invocations=126 (full 0):
 garbage-first heap   total 71680K, used 36211K [0x0000000084c00000, 0x0000000100000000)
  region size 1024K, 1 young (1024K), 1 survivors (1024K)
 Metaspace       used 87345K, committed 88064K, reserved 1179648K
  class space    used 11227K, committed 11584K, reserved 1048576K
}
Event: 110006.913 GC heap before
{Heap before GC invocations=126 (full 0):
 garbage-first heap   total 71680K, used 64883K [0x0000000084c00000, 0x0000000100000000)
  region size 1024K, 29 young (29696K), 1 survivors (1024K)
 Metaspace       used 87369K, committed 88064K, reserved 1179648K
  class space    used 11227K, committed 11584K, reserved 1048576K
}
Event: 110007.059 GC heap after
{Heap after GC invocations=127 (full 0):
 garbage-first heap   total 71680K, used 36125K [0x0000000084c00000, 0x0000000100000000)
  region size 1024K, 1 young (1024K), 1 survivors (1024K)
 Metaspace       used 87369K, committed 88064K, reserved 1179648K
  class space    used 11227K, committed 11584K, reserved 1048576K
}
Event: 110069.730 GC heap before
{Heap before GC invocations=127 (full 0):
 garbage-first heap   total 71680K, used 65821K [0x0000000084c00000, 0x0000000100000000)
  region size 1024K, 30 young (30720K), 1 survivors (1024K)
 Metaspace       used 87412K, committed 88064K, reserved 1179648K
  class space    used 11227K, committed 11584K, reserved 1048576K
}
Event: 110069.736 GC heap after
{Heap after GC invocations=128 (full 0):
 garbage-first heap   total 71680K, used 36181K [0x0000000084c00000, 0x0000000100000000)
  region size 1024K, 1 young (1024K), 1 survivors (1024K)
 Metaspace       used 87412K, committed 88064K, reserved 1179648K
  class space    used 11227K, committed 11584K, reserved 1048576K
}
Event: 110085.903 GC heap before
{Heap before GC invocations=129 (full 0):
 garbage-first heap   total 71680K, used 64853K [0x0000000084c00000, 0x0000000100000000)
  region size 1024K, 29 young (29696K), 1 survivors (1024K)
 Metaspace       used 87412K, committed 88064K, reserved 1179648K
  class space    used 11227K, committed 11584K, reserved 1048576K
}
Event: 110085.906 GC heap after
{Heap after GC invocations=130 (full 0):
 garbage-first heap   total 71680K, used 36195K [0x0000000084c00000, 0x0000000100000000)
  region size 1024K, 1 young (1024K), 1 survivors (1024K)
 Metaspace       used 87412K, committed 88064K, reserved 1179648K
  class space    used 11227K, committed 11584K, reserved 1048576K
}
Event: 110098.232 GC heap before
{Heap before GC invocations=130 (full 0):
 garbage-first heap   total 71680K, used 64867K [0x0000000084c00000, 0x0000000100000000)
  region size 1024K, 29 young (29696K), 1 survivors (1024K)
 Metaspace       used 87412K, committed 88064K, reserved 1179648K
  class space    used 11227K, committed 11584K, reserved 1048576K
}
Event: 110098.236 GC heap after
{Heap after GC invocations=131 (full 0):
 garbage-first heap   total 71680K, used 36198K [0x0000000084c00000, 0x0000000100000000)
  region size 1024K, 1 young (1024K), 1 survivors (1024K)
 Metaspace       used 87412K, committed 88064K, reserved 1179648K
  class space    used 11227K, committed 11584K, reserved 1048576K
}

