# JRE version: Java(TM) SE Runtime Environment (21.0.2+13) (build 21.0.2+13-LTS-58)
# Java VM: Java HotSpot(TM) 64-Bit Server VM (21.0.2+13-LTS-58, mixed mode, sharing, tiered, compressed oops, compressed class ptrs, g1 gc, windows-amd64)
GC Precious Log:
 CardTable entry size: 512
 Card Set container configuration: InlinePtr #cards 5 size 8 Array Of Cards #cards 12 size 40 Howl #buckets 4 coarsen threshold 1843 Howl Bitmap #cards 512 size 80 coarsen threshold 460 Card regions per heap region 1 cards per card region 2048
 CPUs: 4 total, 4 available
 Memory: 7886M
 Large Page Support: Disabled
 NUMA Support: Disabled
 Compressed Oops: Enabled (32-bit)
 Heap Region Size: 1M
 Heap Min Capacity: 8M
 Heap Initial Capacity: 124M
 Heap Max Capacity: 1972M
 Pre-touch: Disabled
 Parallel Workers: 4
 Concurrent Workers: 1
 Concurrent Refinement Workers: 4
 Periodic GC: Disabled
Heap:
 garbage-first heap   total 65536K, used 56324K [0x0000000084c00000, 0x0000000100000000)
  region size 1024K, 20 young (20480K), 2 survivors (2048K)
 Metaspace       used 79089K, committed 79872K, reserved 1179648K
  class space    used 10639K, committed 11008K, reserved 1048576K
GC Heap History (20 events):
Event: 26.875 GC heap before
{Heap before GC invocations=11 (full 0):
 garbage-first heap   total 58368K, used 49298K [0x0000000084c00000, 0x0000000100000000)
  region size 1024K, 26 young (26624K), 2 survivors (2048K)
 Metaspace       used 57247K, committed 57856K, reserved 1114112K
  class space    used 7506K, committed 7808K, reserved 1048576K
}
Event: 26.882 GC heap after
{Heap after GC invocations=12 (full 0):
 garbage-first heap   total 58368K, used 26258K [0x0000000084c00000, 0x0000000100000000)
  region size 1024K, 3 young (3072K), 3 survivors (3072K)
 Metaspace       used 57247K, committed 57856K, reserved 1114112K
  class space    used 7506K, committed 7808K, reserved 1048576K
}
Event: 27.639 GC heap before
{Heap before GC invocations=12 (full 0):
 garbage-first heap   total 58368K, used 34450K [0x0000000084c00000, 0x0000000100000000)
  region size 1024K, 12 young (12288K), 3 survivors (3072K)
 Metaspace       used 59469K, committed 60160K, reserved 1114112K
  class space    used 7842K, committed 8128K, reserved 1048576K
}
Event: 27.649 GC heap after
{Heap after GC invocations=13 (full 0):
 garbage-first heap   total 58368K, used 27031K [0x0000000084c00000, 0x0000000100000000)
  region size 1024K, 2 young (2048K), 2 survivors (2048K)
 Metaspace       used 59469K, committed 60160K, reserved 1114112K
  class space    used 7842K, committed 8128K, reserved 1048576K
}
Event: 30.655 GC heap before
{Heap before GC invocations=14 (full 0):
 garbage-first heap   total 58368K, used 51607K [0x0000000084c00000, 0x0000000100000000)
  region size 1024K, 26 young (26624K), 2 survivors (2048K)
 Metaspace       used 63755K, committed 64448K, reserved 1114112K
  class space    used 8441K, committed 8704K, reserved 1048576K
}
Event: 30.671 GC heap after
{Heap after GC invocations=15 (full 0):
 garbage-first heap   total 58368K, used 29696K [0x0000000084c00000, 0x0000000100000000)
  region size 1024K, 4 young (4096K), 4 survivors (4096K)
 Metaspace       used 63755K, committed 64448K, reserved 1114112K
  class space    used 8441K, committed 8704K, reserved 1048576K
}
Event: 32.732 GC heap before
{Heap before GC invocations=15 (full 0):
 garbage-first heap   total 58368K, used 49152K [0x0000000084c00000, 0x0000000100000000)
  region size 1024K, 24 young (24576K), 4 survivors (4096K)
 Metaspace       used 67726K, committed 68352K, reserved 1114112K
  class space    used 9201K, committed 9472K, reserved 1048576K
}
Event: 32.749 GC heap after
{Heap after GC invocations=16 (full 0):
 garbage-first heap   total 58368K, used 31839K [0x0000000084c00000, 0x0000000100000000)
  region size 1024K, 3 young (3072K), 3 survivors (3072K)
 Metaspace       used 67726K, committed 68352K, reserved 1114112K
  class space    used 9201K, committed 9472K, reserved 1048576K
}
Event: 33.606 GC heap before
{Heap before GC invocations=16 (full 0):
 garbage-first heap   total 58368K, used 49247K [0x0000000084c00000, 0x0000000100000000)
  region size 1024K, 21 young (21504K), 3 survivors (3072K)
 Metaspace       used 69221K, committed 69888K, reserved 1114112K
  class space    used 9380K, committed 9664K, reserved 1048576K
}
Event: 33.615 GC heap after
{Heap after GC invocations=17 (full 0):
 garbage-first heap   total 58368K, used 32632K [0x0000000084c00000, 0x0000000100000000)
  region size 1024K, 1 young (1024K), 1 survivors (1024K)
 Metaspace       used 69221K, committed 69888K, reserved 1114112K
  class space    used 9380K, committed 9664K, reserved 1048576K
}
Event: 34.018 GC heap before
{Heap before GC invocations=18 (full 0):
 garbage-first heap   total 61440K, used 53112K [0x0000000084c00000, 0x0000000100000000)
  region size 1024K, 21 young (21504K), 1 survivors (1024K)
 Metaspace       used 69230K, committed 69888K, reserved 1114112K
  class space    used 9380K, committed 9664K, reserved 1048576K
}
Event: 34.024 GC heap after
{Heap after GC invocations=19 (full 0):
 garbage-first heap   total 61440K, used 33656K [0x0000000084c00000, 0x0000000100000000)
  region size 1024K, 2 young (2048K), 2 survivors (2048K)
 Metaspace       used 69230K, committed 69888K, reserved 1114112K
  class space    used 9380K, committed 9664K, reserved 1048576K
}
Event: 37.074 GC heap before
{Heap before GC invocations=19 (full 0):
 garbage-first heap   total 61440K, used 56184K [0x0000000084c00000, 0x0000000100000000)
  region size 1024K, 24 young (24576K), 2 survivors (2048K)
 Metaspace       used 71007K, committed 71744K, reserved 1114112K
  class space    used 9638K, committed 9984K, reserved 1048576K
}
Event: 37.090 GC heap after
{Heap after GC invocations=20 (full 0):
 garbage-first heap   total 61440K, used 34729K [0x0000000084c00000, 0x0000000100000000)
  region size 1024K, 3 young (3072K), 3 survivors (3072K)
 Metaspace       used 71007K, committed 71744K, reserved 1114112K
  class space    used 9638K, committed 9984K, reserved 1048576K
}
Event: 39.309 GC heap before
{Heap before GC invocations=20 (full 0):
 garbage-first heap   total 61440K, used 54185K [0x0000000084c00000, 0x0000000100000000)
  region size 1024K, 22 young (22528K), 3 survivors (3072K)
 Metaspace       used 73447K, committed 74240K, reserved 1114112K
  class space    used 9979K, committed 10368K, reserved 1048576K
}
Event: 39.324 GC heap after
{Heap after GC invocations=21 (full 0):
 garbage-first heap   total 61440K, used 37242K [0x0000000084c00000, 0x0000000100000000)
  region size 1024K, 3 young (3072K), 3 survivors (3072K)
 Metaspace       used 73447K, committed 74240K, reserved 1114112K
  class space    used 9979K, committed 10368K, reserved 1048576K
}
Event: 41.253 GC heap before
{Heap before GC invocations=22 (full 0):
 garbage-first heap   total 65536K, used 53626K [0x0000000084c00000, 0x0000000100000000)
  region size 1024K, 19 young (19456K), 3 survivors (3072K)
 Metaspace       used 76762K, committed 77504K, reserved 1179648K
  class space    used 10458K, committed 10752K, reserved 1048576K
}
Event: 41.265 GC heap after
{Heap after GC invocations=23 (full 0):
 garbage-first heap   total 65536K, used 38547K [0x0000000084c00000, 0x0000000100000000)
  region size 1024K, 2 young (2048K), 2 survivors (2048K)
 Metaspace       used 76762K, committed 77504K, reserved 1179648K
  class space    used 10458K, committed 10752K, reserved 1048576K
}
Event: 47.194 GC heap before
{Heap before GC invocations=23 (full 0):
 garbage-first heap   total 65536K, used 58003K [0x0000000084c00000, 0x0000000100000000)
  region size 1024K, 21 young (21504K), 2 survivors (2048K)
 Metaspace       used 78695K, committed 79488K, reserved 1179648K
  class space    used 10638K, committed 11008K, reserved 1048576K
}
Event: 47.205 GC heap after
{Heap after GC invocations=24 (full 0):
 garbage-first heap   total 65536K, used 38916K [0x0000000084c00000, 0x0000000100000000)
  region size 1024K, 2 young (2048K), 2 survivors (2048K)
 Metaspace       used 78695K, committed 79488K, reserved 1179648K
  class space    used 10638K, committed 11008K, reserved 1048576K
}

